<?xml version="1.0" encoding="UTF-8"?>
<!-- Generated by org.testng.reporters.JUnitXMLReporter -->
<testsuite hostname="A2ML32586" ignored="0" name="ChromeBrowserTest2" tests="2" failures="1" timestamp="20 Jan 2020 07:06:31 GMT" time="56.91" errors="0">
  <testcase name="orgatakeSrcImageCES" time="21.607" classname="Com.Test_Classes.Design_Pattern_Test"/>
  <testcase name="orgbImmersiveAurora" time="34.232" classname="Com.Test_Classes.Design_Pattern_Test">
    <failure type="java.lang.NoClassDefFoundError" message="freemarker/template/TemplateException">
      <![CDATA[java.lang.NoClassDefFoundError: freemarker/template/TemplateExceptionat com.relevantcodes.extentreports.ExtentReports.<init>(ExtentReports.java:78)at com.relevantcodes.extentreports.ExtentReports.<init>(ExtentReports.java:407)at Com.Utility_Function.ExtentReport_Reporting.generateReport(ExtentReport_Reporting.java:18)at Com.Test_Classes.Design_Pattern_Test.orgbImmersiveAurora(Design_Pattern_Test.java:167)Caused by: java.lang.ClassNotFoundException: freemarker.template.TemplateExceptionat java.net.URLClassLoader$1.run(Unknown Source)at java.net.URLClassLoader$1.run(Unknown Source)at java.security.AccessController.doPrivileged(Native Method)at java.net.URLClassLoader.findClass(Unknown Source)at java.lang.ClassLoader.loadClass(Unknown Source)at sun.misc.Launcher$AppClassLoader.loadClass(Unknown Source)at java.lang.ClassLoader.loadClass(Unknown Source)... 29 more... Removed 25 stack frames]]>
    </failure>
  </testcase> <!-- orgbImmersiveAurora -->
</testsuite> <!-- ChromeBrowserTest2 -->
