<?xml version="1.0" encoding="UTF-8"?>
<!-- Generated by org.testng.reporters.JUnitReportReporter -->
<testsuite skipped="4" hostname="mohit-PC" name="Com.Test_Classes.Localization_Test" tests="6" failures="0" timestamp="20 Feb 2021 04:31:08 GMT" time="0.004" errors="2">
  <testcase name="getTheLocaleSpecificWebsite" time="0.000" classname="Com.Test_Classes.Localization_Test">
    <skipped/>
  </testcase> <!-- getTheLocaleSpecificWebsite -->
  <testcase name="getTheLocaleSpecificWebsite" time="0.003" classname="Com.Test_Classes.Localization_Test">
    <error type="java.lang.Error" message="Unresolved compilation problems: 
	The method getDriverInstance(String, String) in the type WebDriver_Instance is not applicable for the arguments ()
	The method getDriverInstance(String, String) in the type WebDriver_Instance is not applicable for the arguments ()
	The method getDriverInstance(String, String) in the type WebDriver_Instance is not applicable for the arguments ()
	The method getDriverInstance(String, String) in the type WebDriver_Instance is not applicable for the arguments ()
	The method getDriverInstance(String, String) in the type WebDriver_Instance is not applicable for the arguments ()
">
      <![CDATA[java.lang.Error: Unresolved compilation problems: 
The method getDriverInstance(String, String) in the type WebDriver_Instance is not applicable for the arguments ()
The method getDriverInstance(String, String) in the type WebDriver_Instance is not applicable for the arguments ()
The method getDriverInstance(String, String) in the type WebDriver_Instance is not applicable for the arguments ()
The method getDriverInstance(String, String) in the type WebDriver_Instance is not applicable for the arguments ()
The method getDriverInstance(String, String) in the type WebDriver_Instance is not applicable for the arguments ()

at Com.Test_Classes.Localization_Test.getTheLocaleSpecificWebsite(Localization_Test.java:74)
at sun.reflect.NativeMethodAccessorImpl.invoke0(Native Method)
at sun.reflect.NativeMethodAccessorImpl.invoke(NativeMethodAccessorImpl.java:62)
at sun.reflect.DelegatingMethodAccessorImpl.invoke(DelegatingMethodAccessorImpl.java:43)
at java.lang.reflect.Method.invoke(Method.java:483)
at org.testng.internal.MethodInvocationHelper.invokeMethod(MethodInvocationHelper.java:124)
at org.testng.internal.Invoker.invokeMethod(Invoker.java:580)
at org.testng.internal.Invoker.invokeTestMethod(Invoker.java:716)
at org.testng.internal.Invoker.invokeTestMethods(Invoker.java:988)
at org.testng.internal.TestMethodWorker.invokeTestMethods(TestMethodWorker.java:125)
at org.testng.internal.TestMethodWorker.run(TestMethodWorker.java:109)
at org.testng.TestRunner.privateRun(TestRunner.java:648)
at org.testng.TestRunner.run(TestRunner.java:505)
at org.testng.SuiteRunner.runTest(SuiteRunner.java:455)
at org.testng.SuiteRunner.access$000(SuiteRunner.java:40)
at org.testng.SuiteRunner$SuiteWorker.run(SuiteRunner.java:489)
at org.testng.internal.thread.ThreadUtil$1.call(ThreadUtil.java:52)
at java.util.concurrent.FutureTask.run(FutureTask.java:266)
at java.util.concurrent.ThreadPoolExecutor.runWorker(ThreadPoolExecutor.java:1142)
at java.util.concurrent.ThreadPoolExecutor$Worker.run(ThreadPoolExecutor.java:617)
at java.lang.Thread.run(Thread.java:745)
]]>
    </error>
  </testcase> <!-- getTheLocaleSpecificWebsite -->
  <testcase name="getTheLocaleSpecificWebsite" time="0.000" classname="Com.Test_Classes.Localization_Test">
    <skipped/>
  </testcase> <!-- getTheLocaleSpecificWebsite -->
  <testcase name="getTheLocaleSpecificWebsite" time="0.000" classname="Com.Test_Classes.Localization_Test">
    <skipped/>
  </testcase> <!-- getTheLocaleSpecificWebsite -->
  <testcase name="getTheLocaleSpecificWebsite" time="0.000" classname="Com.Test_Classes.Localization_Test">
    <skipped/>
  </testcase> <!-- getTheLocaleSpecificWebsite -->
  <testcase name="closeTheDriverInstance" time="0.001" classname="Com.Test_Classes.Localization_Test">
    <error type="java.lang.Error" message="Unresolved compilation problem: 
	The method getDriverInstance(String, String) in the type WebDriver_Instance is not applicable for the arguments ()
">
      <![CDATA[java.lang.Error: Unresolved compilation problem: 
The method getDriverInstance(String, String) in the type WebDriver_Instance is not applicable for the arguments ()

at Com.Test_Classes.Localization_Test.closeTheDriverInstance(Localization_Test.java:133)
at sun.reflect.NativeMethodAccessorImpl.invoke0(Native Method)
at sun.reflect.NativeMethodAccessorImpl.invoke(NativeMethodAccessorImpl.java:62)
at sun.reflect.DelegatingMethodAccessorImpl.invoke(DelegatingMethodAccessorImpl.java:43)
at java.lang.reflect.Method.invoke(Method.java:483)
at org.testng.internal.MethodInvocationHelper.invokeMethod(MethodInvocationHelper.java:124)
at org.testng.internal.MethodInvocationHelper.invokeMethodConsideringTimeout(MethodInvocationHelper.java:59)
at org.testng.internal.Invoker.invokeConfigurationMethod(Invoker.java:455)
at org.testng.internal.Invoker.invokeConfigurations(Invoker.java:222)
at org.testng.internal.Invoker.invokeMethod(Invoker.java:643)
at org.testng.internal.Invoker.invokeTestMethod(Invoker.java:716)
at org.testng.internal.Invoker.invokeTestMethods(Invoker.java:988)
at org.testng.internal.TestMethodWorker.invokeTestMethods(TestMethodWorker.java:125)
at org.testng.internal.TestMethodWorker.run(TestMethodWorker.java:109)
at org.testng.TestRunner.privateRun(TestRunner.java:648)
at org.testng.TestRunner.run(TestRunner.java:505)
at org.testng.SuiteRunner.runTest(SuiteRunner.java:455)
at org.testng.SuiteRunner.access$000(SuiteRunner.java:40)
at org.testng.SuiteRunner$SuiteWorker.run(SuiteRunner.java:489)
at org.testng.internal.thread.ThreadUtil$1.call(ThreadUtil.java:52)
at java.util.concurrent.FutureTask.run(FutureTask.java:266)
at java.util.concurrent.ThreadPoolExecutor.runWorker(ThreadPoolExecutor.java:1142)
at java.util.concurrent.ThreadPoolExecutor$Worker.run(ThreadPoolExecutor.java:617)
at java.lang.Thread.run(Thread.java:745)
]]>
    </error>
  </testcase> <!-- closeTheDriverInstance -->
</testsuite> <!-- Com.Test_Classes.Localization_Test -->
